Changes detected, committing...
[main c319026] Auto-commit: 2025-04-23 17:26:17
 1 file changed, 1 insertion(+)
To https://github.com/ZOULEHUA/zoulehua01.github.io.git
 ! [remote rejected] main -> main (cannot lock ref 'refs/heads/main': is at 2f34b63088829a953e9d51e28094f46e7161fc24 but expected bcc4a90ff2994ebb51586f4e34429e78f7ad19b4)
error: failed to push some refs to 'https://github.com/ZOULEHUA/zoulehua01.github.io.git'
Changes detected, committing...
[main 0c50dc7] Auto-commit: 2025-04-23 17:26:20
 1 file changed, 1 insertion(+)
To https://github.com/ZOULEHUA/zoulehua01.github.io.git
   00c51af..0c50dc7  main -> main
Changes detected, committing...
[main f9209c9] Auto-commit: 2025-04-23 17:26:23
 1 file changed, 1 insertion(+)
To https://github.com/ZOULEHUA/zoulehua01.github.io.git
   1f99f31..f9209c9  main -> main
Changes detected, committing...
fatal: cannot lock ref 'HEAD': is at 0004da901db8b70bf196be653d546f09611d06ea but expected 21eb2caa469d481aa1bbf008402a3a6451a0c156
To https://github.com/ZOULEHUA/zoulehua01.github.io.git
 ! [remote rejected] main -> main (cannot lock ref 'refs/heads/main': is at 22fce1c9b23b47911cc60dca87693bed73e93dbe but expected 21eb2caa469d481aa1bbf008402a3a6451a0c156)
error: failed to push some refs to 'https://github.com/ZOULEHUA/zoulehua01.github.io.git'
Changes detected, committing...
fatal: Unable to create '/Users/zlh/zoulehua01.github.io/.git/index.lock': File exists.

Another git process seems to be running in this repository, e.g.
an editor opened by 'git commit'. Please make sure all processes
are terminated then try again. If it still fails, a git process
may have crashed in this repository earlier:
remove the file manually to continue.
Everything up-to-date
Changes detected, committing...
[main f021fbd] Auto-commit: 2025-04-23 17:26:32
 1 file changed, 1 insertion(+)
To https://github.com/ZOULEHUA/zoulehua01.github.io.git
   750aca7..f021fbd  main -> main
Changes detected, committing...
[main 1fac8de] Auto-commit: 2025-04-23 17:26:35
 1 file changed, 1 insertion(+)
To https://github.com/ZOULEHUA/zoulehua01.github.io.git
   892dcaf..1fac8de  main -> main
Changes detected, committing...
[main 2d38165] Auto-commit: 2025-04-23 17:26:38
 1 file changed, 1 insertion(+)
To https://github.com/ZOULEHUA/zoulehua01.github.io.git
   1b27345..2d38165  main -> main
Changes detected, committing...
[main 985f4d0] Auto-commit: 2025-04-23 17:26:41
 1 file changed, 1 insertion(+)
